2025-02-03 15:19:45,339 - INFO - Application started
2025-02-03 15:19:47,460 - INFO - Starting new trip
2025-02-03 15:19:47,460 - INFO - Starting the trip process
2025-02-03 15:19:48,930 - INFO - User selected: 1
2025-02-03 15:19:48,931 - INFO - Demand level selected: 1
2025-02-03 15:19:49,946 - INFO - User selected: 1
2025-02-03 15:19:51,119 - INFO - Added status: 1 for 1.17 seconds
2025-02-03 15:19:51,644 - INFO - User selected: 2
2025-02-03 15:19:52,964 - INFO - Added status: 2 for 1.32 seconds
2025-02-03 15:19:53,612 - INFO - User selected: 3
2025-02-03 15:19:53,613 - INFO - Adjusted rates for demand level 1: idle = 0.02 €, moving = 0.05 €
2025-02-03 15:19:53,613 - INFO - Starting trip with demand level 1. Rates: idle = 0.02 €, moving = 0.05 €
2025-02-03 15:19:53,613 - INFO - Taxi is moving for 1.17 seconds. Fare for this segment: 0.06 €
2025-02-03 15:19:53,613 - INFO - Taxi is idle for 1.32 seconds. Fare for this segment: 0.03 €
2025-02-03 15:19:53,613 - INFO - Trip ended. Total fare: 0.09 €
2025-02-03 15:19:53,613 - INFO - Trip ended. Total fare: 0.09 €
2025-02-03 15:19:56,642 - INFO - Starting new trip
2025-02-03 15:19:56,642 - INFO - Starting the trip process
2025-02-03 15:19:58,209 - INFO - User selected: 2
2025-02-03 15:19:58,210 - INFO - Demand level selected: 2
2025-02-03 15:19:59,489 - INFO - User selected: 1
2025-02-03 15:20:01,314 - INFO - Added status: 1 for 1.82 seconds
2025-02-03 15:20:01,893 - INFO - User selected: 2
2025-02-03 15:20:03,686 - INFO - Added status: 2 for 1.79 seconds
2025-02-03 15:20:04,325 - INFO - User selected: 3
2025-02-03 15:20:04,326 - INFO - Adjusted rates for demand level 2: idle = 0.04 €, moving = 0.07 €
2025-02-03 15:20:04,326 - INFO - Starting trip with demand level 2. Rates: idle = 0.04 €, moving = 0.07 €
2025-02-03 15:20:04,326 - INFO - Taxi is moving for 1.82 seconds. Fare for this segment: 0.13 €
2025-02-03 15:20:04,327 - INFO - Taxi is idle for 1.79 seconds. Fare for this segment: 0.07 €
2025-02-03 15:20:04,327 - INFO - Trip ended. Total fare: 0.28 €
2025-02-03 15:20:04,327 - INFO - Trip ended. Total fare: 0.28 €
2025-02-03 15:20:07,445 - INFO - Starting new trip
2025-02-03 15:20:07,445 - INFO - Starting the trip process
2025-02-03 15:20:09,032 - INFO - User selected: 3
2025-02-03 15:20:09,033 - INFO - Demand level selected: 3
2025-02-03 15:20:10,309 - INFO - User selected: 1
2025-02-03 15:20:12,123 - INFO - Added status: 1 for 1.81 seconds
2025-02-03 15:20:12,572 - INFO - User selected: 2
2025-02-03 15:20:14,667 - INFO - Added status: 2 for 2.09 seconds
2025-02-03 15:20:15,337 - INFO - User selected: 3
2025-02-03 15:20:15,338 - INFO - Adjusted rates for demand level 3: idle = 0.01 €, moving = 0.060000000000000005 €
2025-02-03 15:20:15,338 - INFO - Starting trip with demand level 3. Rates: idle = 0.01 €, moving = 0.060000000000000005 €
2025-02-03 15:20:15,339 - INFO - Taxi is moving for 1.81 seconds. Fare for this segment: 0.11 €
2025-02-03 15:20:15,339 - INFO - Taxi is idle for 2.09 seconds. Fare for this segment: 0.02 €
2025-02-03 15:20:15,339 - INFO - Trip ended. Total fare: 0.41 €
2025-02-03 15:20:15,339 - INFO - Trip ended. Total fare: 0.41 €
2025-02-03 15:20:17,154 - INFO - User exited application
