2025-02-04 14:58:28,889 - INFO - Application started
2025-02-04 14:58:30,345 - INFO - Starting new trip with trip_id: XT652464
2025-02-04 14:58:30,346 - INFO - Starting the trip process
2025-02-04 14:58:31,346 - INFO - User selected: 1
2025-02-04 14:58:31,346 - INFO - Demand level selected: 1
2025-02-04 14:58:32,826 - INFO - User selected: 3
2025-02-04 14:58:32,826 - WARNING - Attempted to finish trip without any statuses.
2025-02-04 14:58:38,709 - INFO - Starting new trip with trip_id: IQ968162
2025-02-04 14:58:38,710 - INFO - Starting the trip process
2025-02-04 14:58:39,959 - INFO - User selected: 1
2025-02-04 14:58:39,959 - INFO - Demand level selected: 1
2025-02-04 14:58:40,730 - INFO - User selected: 1
2025-02-04 14:58:42,664 - INFO - Added status: 1 for 1.93 seconds
2025-02-04 14:58:44,643 - INFO - User selected: 3
2025-02-04 14:58:44,644 - INFO - Adjusted rates for demand level 1: idle = 0.02 €, moving = 0.05 €
2025-02-04 14:58:44,644 - INFO - Starting trip with demand level 1. Rates: idle = 0.02 €, moving = 0.05 €
2025-02-04 14:58:44,644 - INFO - Taxi is moving for 1.93 seconds. Fare for this segment: 0.10 €
2025-02-04 14:58:44,645 - INFO - Trip ended. Total fare: 0.10 €
2025-02-04 14:58:44,645 - INFO - Trip ended. Total fare: 0.10 €
2025-02-04 14:58:50,601 - INFO - User exited application
