2025-02-04 19:28:29,881 - INFO - Application started
2025-02-04 19:28:31,310 - INFO - Starting new trip with trip_id: BS931760
2025-02-04 19:28:31,311 - INFO - Starting the trip process
2025-02-04 19:28:33,283 - INFO - User selected: 1
2025-02-04 19:28:33,283 - INFO - Demand level selected: 1
2025-02-04 19:28:34,569 - INFO - User selected: 1
2025-02-04 19:28:36,112 - INFO - Added status: 1 for 1.54 seconds
2025-02-04 19:28:38,861 - INFO - User selected: 3
2025-02-04 19:28:38,861 - INFO - Adjusted rates for demand level 1: idle = 0.02 €, moving = 0.05 €
2025-02-04 19:28:38,862 - INFO - Starting trip with demand level 1. Rates: idle = 0.02 €, moving = 0.05 €
2025-02-04 19:28:38,862 - INFO - Taxi is moving for 1.54 seconds. Fare for this segment: 0.08 €
2025-02-04 19:28:38,862 - INFO - Trip ended. Total fare: 0.08 €
2025-02-04 19:28:38,863 - INFO - Trip ended. Total fare: 0.08 €
2025-02-04 19:28:40,523 - INFO - Starting new trip with trip_id: UO736817
2025-02-04 19:28:40,524 - INFO - Starting the trip process
2025-02-04 19:28:41,892 - INFO - User selected: 2
2025-02-04 19:28:41,892 - INFO - Demand level selected: 2
2025-02-04 19:28:46,349 - INFO - User selected: 1
2025-02-04 19:28:49,889 - INFO - Added status: 1 for 3.54 seconds
2025-02-04 19:28:51,249 - INFO - User selected: 3
2025-02-04 19:28:51,249 - INFO - Adjusted rates for demand level 2: idle = 0.04 €, moving = 0.07 €
2025-02-04 19:28:51,249 - INFO - Starting trip with demand level 2. Rates: idle = 0.04 €, moving = 0.07 €
2025-02-04 19:28:51,250 - INFO - Taxi is moving for 3.54 seconds. Fare for this segment: 0.25 €
2025-02-04 19:28:51,250 - INFO - Trip ended. Total fare: 0.32 €
2025-02-04 19:28:51,250 - INFO - Trip ended. Total fare: 0.32 €
2025-02-04 19:28:53,568 - INFO - User exited application
